id,job_id,level,message,metadata_payload,timestamp,source,created_at,updated_at,created_by,updated_by
1,1,INFO,Job started (attempt 1),,2025-12-20 19:23:39.828522+00:00,worker,2025-12-20 19:23:39.829492+00:00,2025-12-20 19:23:39.829494+00:00,,
2,1,INFO,PipelineRun 1 started.,{'pipeline_run_id': 1},2025-12-20 19:23:39.856603+00:00,runner,2025-12-20 19:23:39.856708+00:00,2025-12-20 19:23:39.856709+00:00,,
3,1,INFO,PipelineRun 1 succeeded.,{'pipeline_run_id': 1},2025-12-20 19:23:39.992251+00:00,runner,2025-12-20 19:23:39.992378+00:00,2025-12-20 19:23:39.992379+00:00,,
4,1,INFO,Job completed successfully in 0.17s,,2025-12-20 19:23:39.994618+00:00,worker,2025-12-20 19:23:39.994706+00:00,2025-12-20 19:23:39.994707+00:00,,
7,2,ERROR,"PipelineRun 2 failed: Write failed: (psycopg2.errors.UndefinedColumn) column ""node_id"" of relation ""pipeline_run_context"" does not exist
LINE 1: ...public.pipeline_run_context (id, pipeline_run_id, node_id, o...
                                                             ^

[SQL: INSERT INTO public.pipeline_run_context (id, pipeline_run_id, node_id, operator_type, status, order_index, records_in, records_out, records_filtered, records_error, bytes_processed, duration_seconds, cpu_percent, memory_mb, error_message, error_type, ... 860 characters truncated ... )s, %(completed_at__1)s, %(created_at__1)s, %(updated_at__1)s, %(created_by__1)s, %(updated_by__1)s)]
[parameters: {'created_at__0': datetime.datetime(2025, 12, 20, 19, 23, 39, 861157, tzinfo=datetime.timezone.utc), 'records_out__0': 0, 'created_by__0': None, 'updated_at__0': datetime.datetime(2025, 12, 20, 19, 23, 39, 889162, tzinfo=datetime.timezone.utc), 'records_filtered__0': 0, 'duration_seconds__0': 0.028012, 'cpu_percent__0': None, 'updated_by__0': None, 'error_type__0': None, 'error_message__0': None, 'completed_at__0': datetime.datetime(2025, 12, 20, 19, 23, 39, 888491, tzinfo=datetime.timezone.utc), 'started_at__0': datetime.datetime(2025, 12, 20, 19, 23, 39, 860479, tzinfo=datetime.timezone.utc), 'pipeline_run_id__0': 1, 'status__0': 'SUCCESS', 'node_id__0': 5, 'bytes_processed__0': 0, 'records_error__0': 0, 'memory_mb__0': None, 'id__0': 1, 'order_index__0': 0, 'records_in__0': 0, 'operator_type__0': 'EXTRACT', 'created_at__1': datetime.datetime(2025, 12, 20, 19, 23, 39, 893192, tzinfo=datetime.timezone.utc), 'records_out__1': 0, 'created_by__1': None, 'updated_at__1': datetime.datetime(2025, 12, 20, 19, 23, 39, 988353, tzinfo=datetime.timezone.utc), 'records_filtered__1': 0, 'duration_seconds__1': 0.094968, 'cpu_percent__1': None, 'updated_by__1': None, 'error_type__1': None, 'error_message__1': None, 'completed_at__1': datetime.datetime(2025, 12, 20, 19, 23, 39, 987989, tzinfo=datetime.timezone.utc), 'started_at__1': datetime.datetime(2025, 12, 20, 19, 23, 39, 893021, tzinfo=datetime.timezone.utc), 'pipeline_run_id__1': 1, 'status__1': 'SUCCESS', 'node_id__1': 6, 'bytes_processed__1': 0, 'records_error__1': 0, 'memory_mb__1': None, 'id__1': 2, 'order_index__1': 0, 'records_in__1': 0, 'operator_type__1': 'LOAD'}]
(Background on this error at: https://sqlalche.me/e/20/f405)",{'pipeline_run_id': 2},2025-12-20 19:36:30.503630+00:00,runner,2025-12-20 19:36:30.504187+00:00,2025-12-20 19:36:30.504191+00:00,,
15,3,INFO,Job started (attempt 1),,2025-12-21 11:01:42.691375+00:00,worker,2025-12-21 11:01:42.699928+00:00,2025-12-21 11:01:42.699952+00:00,,
16,3,INFO,PipelineRun 3 started.,{'pipeline_run_id': 3},2025-12-21 11:01:42.757393+00:00,runner,2025-12-21 11:01:42.757500+00:00,2025-12-21 11:01:42.757501+00:00,,
17,3,ERROR,PipelineRun 3 failed: Write failed: Filter failed with condition 'age >= 20': name 'age' is not defined,{'pipeline_run_id': 3},2025-12-21 11:01:43.131649+00:00,runner,2025-12-21 11:01:43.131744+00:00,2025-12-21 11:01:43.131745+00:00,,
19,3,INFO,Job started (attempt 2),,2025-12-21 11:02:44.370904+00:00,worker,2025-12-21 11:02:44.371342+00:00,2025-12-21 11:02:44.371345+00:00,,
20,3,INFO,PipelineRun 3 started.,{'pipeline_run_id': 3},2025-12-21 11:02:44.385203+00:00,runner,2025-12-21 11:02:44.385484+00:00,2025-12-21 11:02:44.385487+00:00,,
21,3,ERROR,PipelineRun 3 failed: Write failed: Filter failed with condition 'age >= 20': name 'age' is not defined,{'pipeline_run_id': 3},2025-12-21 11:02:44.525828+00:00,runner,2025-12-21 11:02:44.525985+00:00,2025-12-21 11:02:44.525986+00:00,,
23,3,INFO,Job started (attempt 3),,2025-12-21 11:04:45.493867+00:00,worker,2025-12-21 11:04:45.494413+00:00,2025-12-21 11:04:45.494418+00:00,,
24,3,INFO,PipelineRun 3 started.,{'pipeline_run_id': 3},2025-12-21 11:04:45.508927+00:00,runner,2025-12-21 11:04:45.509225+00:00,2025-12-21 11:04:45.509228+00:00,,
25,3,ERROR,PipelineRun 3 failed: Write failed: Filter failed with condition 'age >= 20': name 'age' is not defined,{'pipeline_run_id': 3},2025-12-21 11:04:45.621307+00:00,runner,2025-12-21 11:04:45.621490+00:00,2025-12-21 11:04:45.621492+00:00,,
27,3,INFO,Job started (attempt 4),,2025-12-21 11:08:46.556052+00:00,worker,2025-12-21 11:08:46.556993+00:00,2025-12-21 11:08:46.556997+00:00,,
28,3,INFO,PipelineRun 3 started.,{'pipeline_run_id': 3},2025-12-21 11:08:46.571469+00:00,runner,2025-12-21 11:08:46.571820+00:00,2025-12-21 11:08:46.571823+00:00,,
29,3,ERROR,PipelineRun 3 failed: Write failed: Filter failed with condition 'age >= 20': name 'age' is not defined,{'pipeline_run_id': 3},2025-12-21 11:08:46.725272+00:00,runner,2025-12-21 11:08:46.725397+00:00,2025-12-21 11:08:46.725398+00:00,,
31,4,INFO,Job started (attempt 1),,2025-12-21 12:17:27.565646+00:00,worker,2025-12-21 12:17:27.573292+00:00,2025-12-21 12:17:27.573311+00:00,,
32,4,INFO,PipelineRun 4 started.,{'pipeline_run_id': 4},2025-12-21 12:17:27.633298+00:00,runner,2025-12-21 12:17:27.633457+00:00,2025-12-21 12:17:27.633459+00:00,,
33,4,ERROR,PipelineRun 4 failed: Write failed: Filter condition 'age >= 20' uses an undefined column: name 'age' is not defined. Please check if the column exists in the input data.,{'pipeline_run_id': 4},2025-12-21 12:17:28.305888+00:00,runner,2025-12-21 12:17:28.305988+00:00,2025-12-21 12:17:28.305989+00:00,,
35,4,INFO,Job started (attempt 2),,2025-12-21 12:18:29.890466+00:00,worker,2025-12-21 12:18:29.890813+00:00,2025-12-21 12:18:29.890816+00:00,,
36,4,INFO,PipelineRun 4 started.,{'pipeline_run_id': 4},2025-12-21 12:18:29.910514+00:00,runner,2025-12-21 12:18:29.910638+00:00,2025-12-21 12:18:29.910640+00:00,,
37,4,ERROR,PipelineRun 4 failed: Write failed: Filter condition 'age >= 20' uses an undefined column: name 'age' is not defined. Please check if the column exists in the input data.,{'pipeline_run_id': 4},2025-12-21 12:18:30.168615+00:00,runner,2025-12-21 12:18:30.168741+00:00,2025-12-21 12:18:30.168743+00:00,,
39,4,INFO,Job started (attempt 3),,2025-12-21 12:20:31.542760+00:00,worker,2025-12-21 12:20:31.543259+00:00,2025-12-21 12:20:31.543262+00:00,,
40,4,INFO,PipelineRun 4 started.,{'pipeline_run_id': 4},2025-12-21 12:20:31.554490+00:00,runner,2025-12-21 12:20:31.554622+00:00,2025-12-21 12:20:31.554624+00:00,,
41,4,ERROR,PipelineRun 4 failed: Write failed: Filter condition 'age >= 20' uses an undefined column: name 'age' is not defined. Please check if the column exists in the input data.,{'pipeline_run_id': 4},2025-12-21 12:20:31.701286+00:00,runner,2025-12-21 12:20:31.701738+00:00,2025-12-21 12:20:31.701743+00:00,,
43,4,INFO,Job started (attempt 4),,2025-12-21 12:24:32.962840+00:00,worker,2025-12-21 12:24:32.963087+00:00,2025-12-21 12:24:32.963089+00:00,,
44,4,INFO,PipelineRun 4 started.,{'pipeline_run_id': 4},2025-12-21 12:24:32.971627+00:00,runner,2025-12-21 12:24:32.971720+00:00,2025-12-21 12:24:32.971721+00:00,,
45,4,ERROR,PipelineRun 4 failed: Write failed: Filter condition 'age >= 20' uses an undefined column: name 'age' is not defined. Please check if the column exists in the input data.,{'pipeline_run_id': 4},2025-12-21 12:24:33.127648+00:00,runner,2025-12-21 12:24:33.127744+00:00,2025-12-21 12:24:33.127745+00:00,,
47,5,INFO,Job started (attempt 1),,2025-12-21 12:49:23.171256+00:00,worker,2025-12-21 12:49:23.181909+00:00,2025-12-21 12:49:23.181912+00:00,,
48,5,INFO,PipelineRun 5 started.,{'pipeline_run_id': 5},2025-12-21 12:49:23.229597+00:00,runner,2025-12-21 12:49:23.229694+00:00,2025-12-21 12:49:23.229696+00:00,,
49,5,ERROR,"PipelineRun 5 failed: Write failed: (psycopg2.errors.UndefinedColumn) column ""node_id"" of relation ""pipeline_run_context"" does not exist
LINE 1: ...public.pipeline_run_context (id, pipeline_run_id, node_id, o...
                                                             ^

[SQL: INSERT INTO public.pipeline_run_context (id, pipeline_run_id, node_id, operator_type, status, order_index, records_in, records_out, records_filtered, records_error, bytes_processed, duration_seconds, cpu_percent, memory_mb, error_message, error_type, ... 11772 characters truncated ... (completed_at__25)s, %(created_at__25)s, %(updated_at__25)s, %(created_by__25)s, %(updated_by__25)s)]
[parameters: {'memory_mb__0': None, 'created_at__0': datetime.datetime(2025, 12, 20, 19, 23, 39, 861157, tzinfo=datetime.timezone.utc), 'created_by__0': None, 'order_index__0': 0, 'duration_seconds__0': 0.028012, 'bytes_processed__0': 0, 'pipeline_run_id__0': 1, 'status__0': 'SUCCESS', 'updated_by__0': None, 'completed_at__0': datetime.datetime(2025, 12, 20, 19, 23, 39, 888491, tzinfo=datetime.timezone.utc), 'started_at__0': datetime.datetime(2025, 12, 20, 19, 23, 39, 860479, tzinfo=datetime.timezone.utc), 'cpu_percent__0': None, 'id__0': 1, 'updated_at__0': datetime.datetime(2025, 12, 20, 19, 23, 39, 889162, tzinfo=datetime.timezone.utc), 'operator_type__0': 'EXTRACT', 'records_in__0': 0, 'error_message__0': None, 'records_filtered__0': 0, 'records_out__0': 0, 'records_error__0': 0, 'node_id__0': 5, 'error_type__0': None, 'memory_mb__1': None, 'created_at__1': datetime.datetime(2025, 12, 20, 19, 23, 39, 893192, tzinfo=datetime.timezone.utc), 'created_by__1': None, 'order_index__1': 0, 'duration_seconds__1': 0.094968, 'bytes_processed__1': 0, 'pipeline_run_id__1': 1, 'status__1': 'SUCCESS', 'updated_by__1': None, 'completed_at__1': datetime.datetime(2025, 12, 20, 19, 23, 39, 987989, tzinfo=datetime.timezone.utc), 'started_at__1': datetime.datetime(2025, 12, 20, 19, 23, 39, 893021, tzinfo=datetime.timezone.utc), 'cpu_percent__1': None, 'id__1': 2, 'updated_at__1': datetime.datetime(2025, 12, 20, 19, 23, 39, 988353, tzinfo=datetime.timezone.utc), 'operator_type__1': 'LOAD', 'records_in__1': 0, 'error_message__1': None, 'records_filtered__1': 0, 'records_out__1': 0, 'records_error__1': 0, 'node_id__1': 6, 'error_type__1': None, 'memory_mb__2': None, 'created_at__2': datetime.datetime(2025, 12, 21, 11, 1, 42, 765936, tzinfo=datetime.timezone.utc), 'created_by__2': None, 'order_index__2': 0, 'duration_seconds__2': 0.086752, 'bytes_processed__2': 0 ... 472 parameters truncated ... 'error_message__23': None, 'records_filtered__23': 0, 'records_out__23': 0, 'records_error__23': 0, 'node_id__23': 13, 'error_type__23': None, 'memory_mb__24': None, 'created_at__24': datetime.datetime(2025, 12, 21, 12, 24, 32, 991877, tzinfo=datetime.timezone.utc), 'created_by__24': None, 'order_index__24': 0, 'duration_seconds__24': 0.001132, 'bytes_processed__24': 0, 'pipeline_run_id__24': 4, 'status__24': 'SUCCESS', 'updated_by__24': None, 'completed_at__24': datetime.datetime(2025, 12, 21, 12, 24, 32, 992878, tzinfo=datetime.timezone.utc), 'started_at__24': datetime.datetime(2025, 12, 21, 12, 24, 32, 991746, tzinfo=datetime.timezone.utc), 'cpu_percent__24': None, 'id__24': 31, 'updated_at__24': datetime.datetime(2025, 12, 21, 12, 24, 32, 993107, tzinfo=datetime.timezone.utc), 'operator_type__24': 'TRANSFORM', 'records_in__24': 0, 'error_message__24': None, 'records_filtered__24': 0, 'records_out__24': 0, 'records_error__24': 0, 'node_id__24': 15, 'error_type__24': None, 'memory_mb__25': None, 'created_at__25': datetime.datetime(2025, 12, 21, 12, 24, 32, 994079, tzinfo=datetime.timezone.utc), 'created_by__25': None, 'order_index__25': 0, 'duration_seconds__25': 0.131413, 'bytes_processed__25': 0, 'pipeline_run_id__25': 4, 'status__25': 'FAILED', 'updated_by__25': None, 'completed_at__25': datetime.datetime(2025, 12, 21, 12, 24, 33, 125383, tzinfo=datetime.timezone.utc), 'started_at__25': datetime.datetime(2025, 12, 21, 12, 24, 32, 993970, tzinfo=datetime.timezone.utc), 'cpu_percent__25': None, 'id__25': 32, 'updated_at__25': datetime.datetime(2025, 12, 21, 12, 24, 33, 125677, tzinfo=datetime.timezone.utc), 'operator_type__25': 'LOAD', 'records_in__25': 0, 'error_message__25': ""Write failed: Filter condition 'age >= 20' uses an undefined column: name 'age' is not defined. Please check if the column exists in the input data."", 'records_filtered__25': 0, 'records_out__25': 0, 'records_error__25': 0, 'node_id__25': 14, 'error_type__25': 'DataTransferError'}]
(Background on this error at: https://sqlalche.me/e/20/f405)",{'pipeline_run_id': 5},2025-12-21 12:49:23.729363+00:00,runner,2025-12-21 12:49:23.729454+00:00,2025-12-21 12:49:23.729455+00:00,,
51,5,INFO,Job started (attempt 2),,2025-12-21 12:50:25.710418+00:00,worker,2025-12-21 12:50:25.710962+00:00,2025-12-21 12:50:25.710965+00:00,,
52,5,INFO,PipelineRun 5 started.,{'pipeline_run_id': 5},2025-12-21 12:50:25.724381+00:00,runner,2025-12-21 12:50:25.724635+00:00,2025-12-21 12:50:25.724638+00:00,,
53,5,ERROR,"PipelineRun 5 failed: Write failed: (psycopg2.errors.UndefinedColumn) column ""node_id"" of relation ""pipeline_run_context"" does not exist
LINE 1: ...public.pipeline_run_context (id, pipeline_run_id, node_id, o...
                                                             ^

[SQL: INSERT INTO public.pipeline_run_context (id, pipeline_run_id, node_id, operator_type, status, order_index, records_in, records_out, records_filtered, records_error, bytes_processed, duration_seconds, cpu_percent, memory_mb, error_message, error_type, ... 12696 characters truncated ... (completed_at__27)s, %(created_at__27)s, %(updated_at__27)s, %(created_by__27)s, %(updated_by__27)s)]
[parameters: {'memory_mb__0': None, 'created_at__0': datetime.datetime(2025, 12, 20, 19, 23, 39, 861157, tzinfo=datetime.timezone.utc), 'created_by__0': None, 'order_index__0': 0, 'duration_seconds__0': 0.028012, 'bytes_processed__0': 0, 'pipeline_run_id__0': 1, 'status__0': 'SUCCESS', 'updated_by__0': None, 'completed_at__0': datetime.datetime(2025, 12, 20, 19, 23, 39, 888491, tzinfo=datetime.timezone.utc), 'started_at__0': datetime.datetime(2025, 12, 20, 19, 23, 39, 860479, tzinfo=datetime.timezone.utc), 'cpu_percent__0': None, 'id__0': 1, 'updated_at__0': datetime.datetime(2025, 12, 20, 19, 23, 39, 889162, tzinfo=datetime.timezone.utc), 'operator_type__0': 'EXTRACT', 'records_in__0': 0, 'error_message__0': None, 'records_filtered__0': 0, 'records_out__0': 0, 'records_error__0': 0, 'node_id__0': 5, 'error_type__0': None, 'memory_mb__1': None, 'created_at__1': datetime.datetime(2025, 12, 20, 19, 23, 39, 893192, tzinfo=datetime.timezone.utc), 'created_by__1': None, 'order_index__1': 0, 'duration_seconds__1': 0.094968, 'bytes_processed__1': 0, 'pipeline_run_id__1': 1, 'status__1': 'SUCCESS', 'updated_by__1': None, 'completed_at__1': datetime.datetime(2025, 12, 20, 19, 23, 39, 987989, tzinfo=datetime.timezone.utc), 'started_at__1': datetime.datetime(2025, 12, 20, 19, 23, 39, 893021, tzinfo=datetime.timezone.utc), 'cpu_percent__1': None, 'id__1': 2, 'updated_at__1': datetime.datetime(2025, 12, 20, 19, 23, 39, 988353, tzinfo=datetime.timezone.utc), 'operator_type__1': 'LOAD', 'records_in__1': 0, 'error_message__1': None, 'records_filtered__1': 0, 'records_out__1': 0, 'records_error__1': 0, 'node_id__1': 6, 'error_type__1': None, 'memory_mb__2': None, 'created_at__2': datetime.datetime(2025, 12, 21, 11, 1, 42, 765936, tzinfo=datetime.timezone.utc), 'created_by__2': None, 'order_index__2': 0, 'duration_seconds__2': 0.086752, 'bytes_processed__2': 0 ... 516 parameters truncated ... 'error_message__25': ""Write failed: Filter condition 'age >= 20' uses an undefined column: name 'age' is not defined. Please check if the column exists in the input data."", 'records_filtered__25': 0, 'records_out__25': 0, 'records_error__25': 0, 'node_id__25': 14, 'error_type__25': 'DataTransferError', 'memory_mb__26': None, 'created_at__26': datetime.datetime(2025, 12, 21, 12, 49, 23, 238647, tzinfo=datetime.timezone.utc), 'created_by__26': None, 'order_index__26': 0, 'duration_seconds__26': 0.116294, 'bytes_processed__26': 0, 'pipeline_run_id__26': 5, 'status__26': 'SUCCESS', 'updated_by__26': None, 'completed_at__26': datetime.datetime(2025, 12, 21, 12, 49, 23, 353829, tzinfo=datetime.timezone.utc), 'started_at__26': datetime.datetime(2025, 12, 21, 12, 49, 23, 237535, tzinfo=datetime.timezone.utc), 'cpu_percent__26': None, 'id__26': 33, 'updated_at__26': datetime.datetime(2025, 12, 21, 12, 49, 23, 354518, tzinfo=datetime.timezone.utc), 'operator_type__26': 'EXTRACT', 'records_in__26': 0, 'error_message__26': None, 'records_filtered__26': 0, 'records_out__26': 0, 'records_error__26': 0, 'node_id__26': 16, 'error_type__26': None, 'memory_mb__27': None, 'created_at__27': datetime.datetime(2025, 12, 21, 12, 49, 23, 357592, tzinfo=datetime.timezone.utc), 'created_by__27': None, 'order_index__27': 0, 'duration_seconds__27': 0.366125, 'bytes_processed__27': 0, 'pipeline_run_id__27': 5, 'status__27': 'FAILED', 'updated_by__27': None, 'completed_at__27': datetime.datetime(2025, 12, 21, 12, 49, 23, 723570, tzinfo=datetime.timezone.utc), 'started_at__27': datetime.datetime(2025, 12, 21, 12, 49, 23, 357445, tzinfo=datetime.timezone.utc), 'cpu_percent__27': None, 'id__27': 34, 'updated_at__27': datetime.datetime(2025, 12, 21, 12, 49, 23, 723960, tzinfo=datetime.timezone.utc), 'operator_type__27': 'LOAD', 'records_in__27': 0, 'error_message__27': 'Write failed: (psycopg2.errors.UndefinedColumn) column ""node_id"" of relation ""pipeline_run_context"" does not exist\nLINE 1: ...public.pipeline_run_co ... (4539 characters truncated) ... ecords_error__25\': 0, \'node_id__25\': 14, \'error_type__25\': \'DataTransferError\'}]\n(Background on this error at: https://sqlalche.me/e/20/f405)', 'records_filtered__27': 0, 'records_out__27': 0, 'records_error__27': 0, 'node_id__27': 17, 'error_type__27': 'DataTransferError'}]
(Background on this error at: https://sqlalche.me/e/20/f405)",{'pipeline_run_id': 5},2025-12-21 12:50:25.881810+00:00,runner,2025-12-21 12:50:25.882048+00:00,2025-12-21 12:50:25.882051+00:00,,
105,8,ERROR,"Job failed: Unexpected worker error: (psycopg2.errors.InFailedSqlTransaction) current transaction is aborted, commands ignored until end of transaction block

[SQL: SELECT pipeline_versions.id AS pipeline_versions_id, pipeline_versions.pipeline_id AS pipeline_versions_pipeline_id, pipeline_versions.version AS pipeline_versions_version, pipeline_versions.config_snapshot AS pipeline_versions_config_snapshot, pipeline_versions.change_summary AS pipeline_versions_change_summary, pipeline_versions.is_published AS pipeline_versions_is_published, pipeline_versions.published_at AS pipeline_versions_published_at, pipeline_versions.version_notes AS pipeline_versions_version_notes, pipeline_versions.created_at AS pipeline_versions_created_at, pipeline_versions.updated_at AS pipeline_versions_updated_at, pipeline_versions.created_by AS pipeline_versions_created_by, pipeline_versions.updated_by AS pipeline_versions_updated_by 
FROM pipeline_versions 
WHERE pipeline_versions.id = %(id_1)s 
 LIMIT %(param_1)s]
[parameters: {'id_1': 10, 'param_1': 1}]
(Background on this error at: https://sqlalche.me/e/20/2j85)",,2025-12-22 06:32:46.393488+00:00,worker,2025-12-22 06:32:46.393591+00:00,2025-12-22 06:32:46.393592+00:00,,
55,5,INFO,Job started (attempt 3),,2025-12-21 12:52:27.369813+00:00,worker,2025-12-21 12:52:27.370387+00:00,2025-12-21 12:52:27.370391+00:00,,
56,5,INFO,PipelineRun 5 started.,{'pipeline_run_id': 5},2025-12-21 12:52:27.383609+00:00,runner,2025-12-21 12:52:27.383832+00:00,2025-12-21 12:52:27.383836+00:00,,
57,5,ERROR,"PipelineRun 5 failed: Write failed: (psycopg2.errors.UndefinedColumn) column ""node_id"" of relation ""pipeline_run_context"" does not exist
LINE 1: ...public.pipeline_run_context (id, pipeline_run_id, node_id, o...
                                                             ^

[SQL: INSERT INTO public.pipeline_run_context (id, pipeline_run_id, node_id, operator_type, status, order_index, records_in, records_out, records_filtered, records_error, bytes_processed, duration_seconds, cpu_percent, memory_mb, error_message, error_type, ... 13620 characters truncated ... (completed_at__29)s, %(created_at__29)s, %(updated_at__29)s, %(created_by__29)s, %(updated_by__29)s)]
[parameters: {'memory_mb__0': None, 'created_at__0': datetime.datetime(2025, 12, 20, 19, 23, 39, 861157, tzinfo=datetime.timezone.utc), 'created_by__0': None, 'order_index__0': 0, 'duration_seconds__0': 0.028012, 'bytes_processed__0': 0, 'pipeline_run_id__0': 1, 'status__0': 'SUCCESS', 'updated_by__0': None, 'completed_at__0': datetime.datetime(2025, 12, 20, 19, 23, 39, 888491, tzinfo=datetime.timezone.utc), 'started_at__0': datetime.datetime(2025, 12, 20, 19, 23, 39, 860479, tzinfo=datetime.timezone.utc), 'cpu_percent__0': None, 'id__0': 1, 'updated_at__0': datetime.datetime(2025, 12, 20, 19, 23, 39, 889162, tzinfo=datetime.timezone.utc), 'operator_type__0': 'EXTRACT', 'records_in__0': 0, 'error_message__0': None, 'records_filtered__0': 0, 'records_out__0': 0, 'records_error__0': 0, 'node_id__0': 5, 'error_type__0': None, 'memory_mb__1': None, 'created_at__1': datetime.datetime(2025, 12, 20, 19, 23, 39, 893192, tzinfo=datetime.timezone.utc), 'created_by__1': None, 'order_index__1': 0, 'duration_seconds__1': 0.094968, 'bytes_processed__1': 0, 'pipeline_run_id__1': 1, 'status__1': 'SUCCESS', 'updated_by__1': None, 'completed_at__1': datetime.datetime(2025, 12, 20, 19, 23, 39, 987989, tzinfo=datetime.timezone.utc), 'started_at__1': datetime.datetime(2025, 12, 20, 19, 23, 39, 893021, tzinfo=datetime.timezone.utc), 'cpu_percent__1': None, 'id__1': 2, 'updated_at__1': datetime.datetime(2025, 12, 20, 19, 23, 39, 988353, tzinfo=datetime.timezone.utc), 'operator_type__1': 'LOAD', 'records_in__1': 0, 'error_message__1': None, 'records_filtered__1': 0, 'records_out__1': 0, 'records_error__1': 0, 'node_id__1': 6, 'error_type__1': None, 'memory_mb__2': None, 'created_at__2': datetime.datetime(2025, 12, 21, 11, 1, 42, 765936, tzinfo=datetime.timezone.utc), 'created_by__2': None, 'order_index__2': 0, 'duration_seconds__2': 0.086752, 'bytes_processed__2': 0 ... 560 parameters truncated ... 'error_message__27': 'Write failed: (psycopg2.errors.UndefinedColumn) column ""node_id"" of relation ""pipeline_run_context"" does not exist\nLINE 1: ...public.pipeline_run_co ... (4539 characters truncated) ... ecords_error__25\': 0, \'node_id__25\': 14, \'error_type__25\': \'DataTransferError\'}]\n(Background on this error at: https://sqlalche.me/e/20/f405)', 'records_filtered__27': 0, 'records_out__27': 0, 'records_error__27': 0, 'node_id__27': 17, 'error_type__27': 'DataTransferError', 'memory_mb__28': None, 'created_at__28': datetime.datetime(2025, 12, 21, 12, 50, 25, 726795, tzinfo=datetime.timezone.utc), 'created_by__28': None, 'order_index__28': 0, 'duration_seconds__28': 0.014856, 'bytes_processed__28': 0, 'pipeline_run_id__28': 5, 'status__28': 'SUCCESS', 'updated_by__28': None, 'completed_at__28': datetime.datetime(2025, 12, 21, 12, 50, 25, 741130, tzinfo=datetime.timezone.utc), 'started_at__28': datetime.datetime(2025, 12, 21, 12, 50, 25, 726274, tzinfo=datetime.timezone.utc), 'cpu_percent__28': None, 'id__28': 35, 'updated_at__28': datetime.datetime(2025, 12, 21, 12, 50, 25, 741805, tzinfo=datetime.timezone.utc), 'operator_type__28': 'EXTRACT', 'records_in__28': 0, 'error_message__28': None, 'records_filtered__28': 0, 'records_out__28': 0, 'records_error__28': 0, 'node_id__28': 16, 'error_type__28': None, 'memory_mb__29': None, 'created_at__29': datetime.datetime(2025, 12, 21, 12, 50, 25, 744713, tzinfo=datetime.timezone.utc), 'created_by__29': None, 'order_index__29': 0, 'duration_seconds__29': 0.130387, 'bytes_processed__29': 0, 'pipeline_run_id__29': 5, 'status__29': 'FAILED', 'updated_by__29': None, 'completed_at__29': datetime.datetime(2025, 12, 21, 12, 50, 25, 874810, tzinfo=datetime.timezone.utc), 'started_at__29': datetime.datetime(2025, 12, 21, 12, 50, 25, 744423, tzinfo=datetime.timezone.utc), 'cpu_percent__29': None, 'id__29': 36, 'updated_at__29': datetime.datetime(2025, 12, 21, 12, 50, 25, 875281, tzinfo=datetime.timezone.utc), 'operator_type__29': 'LOAD', 'records_in__29': 0, 'error_message__29': 'Write failed: (psycopg2.errors.UndefinedColumn) column ""node_id"" of relation ""pipeline_run_context"" does not exist\nLINE 1: ...public.pipeline_run_co ... (4905 characters truncated) ... ecords_error__27\': 0, \'node_id__27\': 17, \'error_type__27\': \'DataTransferError\'}]\n(Background on this error at: https://sqlalche.me/e/20/f405)', 'records_filtered__29': 0, 'records_out__29': 0, 'records_error__29': 0, 'node_id__29': 17, 'error_type__29': 'DataTransferError'}]
(Background on this error at: https://sqlalche.me/e/20/f405)",{'pipeline_run_id': 5},2025-12-21 12:52:27.521063+00:00,runner,2025-12-21 12:52:27.521239+00:00,2025-12-21 12:52:27.521241+00:00,,
59,5,INFO,Job started (attempt 4),,2025-12-21 12:56:28.916162+00:00,worker,2025-12-21 12:56:28.916828+00:00,2025-12-21 12:56:28.916834+00:00,,
60,5,INFO,PipelineRun 5 started.,{'pipeline_run_id': 5},2025-12-21 12:56:28.933174+00:00,runner,2025-12-21 12:56:28.933414+00:00,2025-12-21 12:56:28.933417+00:00,,
61,5,ERROR,"PipelineRun 5 failed: Write failed: (psycopg2.errors.UndefinedColumn) column ""node_id"" of relation ""pipeline_run_context"" does not exist
LINE 1: ...public.pipeline_run_context (id, pipeline_run_id, node_id, o...
                                                             ^

[SQL: INSERT INTO public.pipeline_run_context (id, pipeline_run_id, node_id, operator_type, status, order_index, records_in, records_out, records_filtered, records_error, bytes_processed, duration_seconds, cpu_percent, memory_mb, error_message, error_type, ... 14544 characters truncated ... (completed_at__31)s, %(created_at__31)s, %(updated_at__31)s, %(created_by__31)s, %(updated_by__31)s)]
[parameters: {'memory_mb__0': None, 'created_at__0': datetime.datetime(2025, 12, 20, 19, 23, 39, 861157, tzinfo=datetime.timezone.utc), 'created_by__0': None, 'order_index__0': 0, 'duration_seconds__0': 0.028012, 'bytes_processed__0': 0, 'pipeline_run_id__0': 1, 'status__0': 'SUCCESS', 'updated_by__0': None, 'completed_at__0': datetime.datetime(2025, 12, 20, 19, 23, 39, 888491, tzinfo=datetime.timezone.utc), 'started_at__0': datetime.datetime(2025, 12, 20, 19, 23, 39, 860479, tzinfo=datetime.timezone.utc), 'cpu_percent__0': None, 'id__0': 1, 'updated_at__0': datetime.datetime(2025, 12, 20, 19, 23, 39, 889162, tzinfo=datetime.timezone.utc), 'operator_type__0': 'EXTRACT', 'records_in__0': 0, 'error_message__0': None, 'records_filtered__0': 0, 'records_out__0': 0, 'records_error__0': 0, 'node_id__0': 5, 'error_type__0': None, 'memory_mb__1': None, 'created_at__1': datetime.datetime(2025, 12, 20, 19, 23, 39, 893192, tzinfo=datetime.timezone.utc), 'created_by__1': None, 'order_index__1': 0, 'duration_seconds__1': 0.094968, 'bytes_processed__1': 0, 'pipeline_run_id__1': 1, 'status__1': 'SUCCESS', 'updated_by__1': None, 'completed_at__1': datetime.datetime(2025, 12, 20, 19, 23, 39, 987989, tzinfo=datetime.timezone.utc), 'started_at__1': datetime.datetime(2025, 12, 20, 19, 23, 39, 893021, tzinfo=datetime.timezone.utc), 'cpu_percent__1': None, 'id__1': 2, 'updated_at__1': datetime.datetime(2025, 12, 20, 19, 23, 39, 988353, tzinfo=datetime.timezone.utc), 'operator_type__1': 'LOAD', 'records_in__1': 0, 'error_message__1': None, 'records_filtered__1': 0, 'records_out__1': 0, 'records_error__1': 0, 'node_id__1': 6, 'error_type__1': None, 'memory_mb__2': None, 'created_at__2': datetime.datetime(2025, 12, 21, 11, 1, 42, 765936, tzinfo=datetime.timezone.utc), 'created_by__2': None, 'order_index__2': 0, 'duration_seconds__2': 0.086752, 'bytes_processed__2': 0 ... 604 parameters truncated ... 'error_message__29': 'Write failed: (psycopg2.errors.UndefinedColumn) column ""node_id"" of relation ""pipeline_run_context"" does not exist\nLINE 1: ...public.pipeline_run_co ... (4905 characters truncated) ... ecords_error__27\': 0, \'node_id__27\': 17, \'error_type__27\': \'DataTransferError\'}]\n(Background on this error at: https://sqlalche.me/e/20/f405)', 'records_filtered__29': 0, 'records_out__29': 0, 'records_error__29': 0, 'node_id__29': 17, 'error_type__29': 'DataTransferError', 'memory_mb__30': None, 'created_at__30': datetime.datetime(2025, 12, 21, 12, 52, 27, 386386, tzinfo=datetime.timezone.utc), 'created_by__30': None, 'order_index__30': 0, 'duration_seconds__30': 0.010803, 'bytes_processed__30': 0, 'pipeline_run_id__30': 5, 'status__30': 'SUCCESS', 'updated_by__30': None, 'completed_at__30': datetime.datetime(2025, 12, 21, 12, 52, 27, 396652, tzinfo=datetime.timezone.utc), 'started_at__30': datetime.datetime(2025, 12, 21, 12, 52, 27, 385849, tzinfo=datetime.timezone.utc), 'cpu_percent__30': None, 'id__30': 37, 'updated_at__30': datetime.datetime(2025, 12, 21, 12, 52, 27, 397488, tzinfo=datetime.timezone.utc), 'operator_type__30': 'EXTRACT', 'records_in__30': 0, 'error_message__30': None, 'records_filtered__30': 0, 'records_out__30': 0, 'records_error__30': 0, 'node_id__30': 16, 'error_type__30': None, 'memory_mb__31': None, 'created_at__31': datetime.datetime(2025, 12, 21, 12, 52, 27, 399930, tzinfo=datetime.timezone.utc), 'created_by__31': None, 'order_index__31': 0, 'duration_seconds__31': 0.115588, 'bytes_processed__31': 0, 'pipeline_run_id__31': 5, 'status__31': 'FAILED', 'updated_by__31': None, 'completed_at__31': datetime.datetime(2025, 12, 21, 12, 52, 27, 515206, tzinfo=datetime.timezone.utc), 'started_at__31': datetime.datetime(2025, 12, 21, 12, 52, 27, 399618, tzinfo=datetime.timezone.utc), 'cpu_percent__31': None, 'id__31': 38, 'updated_at__31': datetime.datetime(2025, 12, 21, 12, 52, 27, 515753, tzinfo=datetime.timezone.utc), 'operator_type__31': 'LOAD', 'records_in__31': 0, 'error_message__31': 'Write failed: (psycopg2.errors.UndefinedColumn) column ""node_id"" of relation ""pipeline_run_context"" does not exist\nLINE 1: ...public.pipeline_run_co ... (5106 characters truncated) ... ecords_error__29\': 0, \'node_id__29\': 17, \'error_type__29\': \'DataTransferError\'}]\n(Background on this error at: https://sqlalche.me/e/20/f405)', 'records_filtered__31': 0, 'records_out__31': 0, 'records_error__31': 0, 'node_id__31': 17, 'error_type__31': 'DataTransferError'}]
(Background on this error at: https://sqlalche.me/e/20/f405)",{'pipeline_run_id': 5},2025-12-21 12:56:29.068675+00:00,runner,2025-12-21 12:56:29.068850+00:00,2025-12-21 12:56:29.068851+00:00,,
106,9,INFO,Job started (attempt 1),,2025-12-22 06:54:31.467944+00:00,worker,2025-12-22 06:54:31.469697+00:00,2025-12-22 06:54:31.469706+00:00,,
107,9,INFO,PipelineRun 3 started.,{'pipeline_run_id': 8},2025-12-22 06:54:32.301774+00:00,runner,2025-12-22 06:54:32.303183+00:00,2025-12-22 06:54:32.303189+00:00,,
108,9,INFO,PipelineRun 3 succeeded.,{'pipeline_run_id': 8},2025-12-22 06:54:32.458498+00:00,runner,2025-12-22 06:54:32.458705+00:00,2025-12-22 06:54:32.458706+00:00,,
110,10,INFO,Job started (attempt 1),,2025-12-22 07:07:32.262430+00:00,worker,2025-12-22 07:07:32.264873+00:00,2025-12-22 07:07:32.264879+00:00,,
111,10,INFO,PipelineRun 4 started.,{'pipeline_run_id': 9},2025-12-22 07:07:33.324599+00:00,runner,2025-12-22 07:07:33.324800+00:00,2025-12-22 07:07:33.324801+00:00,,
112,10,INFO,PipelineRun 4 succeeded.,{'pipeline_run_id': 9},2025-12-22 07:07:33.431174+00:00,runner,2025-12-22 07:07:33.431377+00:00,2025-12-22 07:07:33.431378+00:00,,
118,12,INFO,Job started (attempt 1),,2025-12-22 07:36:30.139965+00:00,worker,2025-12-22 07:36:30.140435+00:00,2025-12-22 07:36:30.140437+00:00,,
119,12,INFO,PipelineRun 5 started.,{'pipeline_run_id': 11},2025-12-22 07:36:30.911318+00:00,runner,2025-12-22 07:36:30.911590+00:00,2025-12-22 07:36:30.911591+00:00,,
63,6,INFO,Job started (attempt 1),,2025-12-22 05:55:01.298030+00:00,worker,2025-12-22 05:55:01.299348+00:00,2025-12-22 05:55:01.299351+00:00,,
64,6,INFO,PipelineRun 1 started.,{'pipeline_run_id': 6},2025-12-22 05:55:01.333461+00:00,runner,2025-12-22 05:55:01.333571+00:00,2025-12-22 05:55:01.333573+00:00,,
65,6,ERROR,"PipelineRun 1 failed: Write failed: (psycopg2.ProgrammingError) can't adapt type 'dict'
[SQL: INSERT INTO public.processes_table (id, job_id, level, message, metadata_payload, timestamp, source, created_at, updated_at, created_by, updated_by) VALUES (%(id__0)s, %(job_id__0)s, %(level__0)s, %(message__0)s, %(metadata_payload__0)s, %(timestamp_ ... 8017 characters truncated ... 0)s, %(source__40)s, %(created_at__40)s, %(updated_at__40)s, %(created_by__40)s, %(updated_by__40)s)]
[parameters: {'updated_by__0': None, 'metadata_payload__0': None, 'created_at__0': datetime.datetime(2025, 12, 20, 19, 23, 39, 829492, tzinfo=datetime.timezone.utc), 'level__0': 'INFO', 'created_by__0': None, 'job_id__0': 1, 'updated_at__0': datetime.datetime(2025, 12, 20, 19, 23, 39, 829494, tzinfo=datetime.timezone.utc), 'source__0': 'worker', 'message__0': 'Job started (attempt 1)', 'timestamp__0': datetime.datetime(2025, 12, 20, 19, 23, 39, 828522, tzinfo=datetime.timezone.utc), 'id__0': 1, 'updated_by__1': None, 'metadata_payload__1': {'pipeline_run_id': 1}, 'created_at__1': datetime.datetime(2025, 12, 20, 19, 23, 39, 856708, tzinfo=datetime.timezone.utc), 'level__1': 'INFO', 'created_by__1': None, 'job_id__1': 1, 'updated_at__1': datetime.datetime(2025, 12, 20, 19, 23, 39, 856709, tzinfo=datetime.timezone.utc), 'source__1': 'runner', 'message__1': 'PipelineRun 1 started.', 'timestamp__1': datetime.datetime(2025, 12, 20, 19, 23, 39, 856603, tzinfo=datetime.timezone.utc), 'id__1': 2, 'updated_by__2': None, 'metadata_payload__2': {'pipeline_run_id': 1}, 'created_at__2': datetime.datetime(2025, 12, 20, 19, 23, 39, 992378, tzinfo=datetime.timezone.utc), 'level__2': 'INFO', 'created_by__2': None, 'job_id__2': 1, 'updated_at__2': datetime.datetime(2025, 12, 20, 19, 23, 39, 992379, tzinfo=datetime.timezone.utc), 'source__2': 'runner', 'message__2': 'PipelineRun 1 succeeded.', 'timestamp__2': datetime.datetime(2025, 12, 20, 19, 23, 39, 992251, tzinfo=datetime.timezone.utc), 'id__2': 3, 'updated_by__3': None, 'metadata_payload__3': None, 'created_at__3': datetime.datetime(2025, 12, 20, 19, 23, 39, 994706, tzinfo=datetime.timezone.utc), 'level__3': 'INFO', 'created_by__3': None, 'job_id__3': 1, 'updated_at__3': datetime.datetime(2025, 12, 20, 19, 23, 39, 994707, tzinfo=datetime.timezone.utc), 'source__3': 'worker', 'message__3': 'Job completed successfully in 0.17s', 'timestamp__3': datetime.datetime(2025, 12, 20, 19, 23, 39, 994618, tzinfo=datetime.timezone.utc), 'id__3': 4, 'updated_by__4': None, 'metadata_payload__4': {'pipeline_run_id': 2}, 'created_at__4': datetime.datetime(2025, 12, 20, 19, 36, 30, 504187, tzinfo=datetime.timezone.utc), 'level__4': 'ERROR', 'created_by__4': None, 'job_id__4': 2 ... 351 parameters truncated ... 'job_id__36': 5, 'updated_at__36': datetime.datetime(2025, 12, 21, 12, 52, 27, 383836, tzinfo=datetime.timezone.utc), 'source__36': 'runner', 'message__36': 'PipelineRun 5 started.', 'timestamp__36': datetime.datetime(2025, 12, 21, 12, 52, 27, 383609, tzinfo=datetime.timezone.utc), 'id__36': 56, 'updated_by__37': None, 'metadata_payload__37': {'pipeline_run_id': 5}, 'created_at__37': datetime.datetime(2025, 12, 21, 12, 52, 27, 521239, tzinfo=datetime.timezone.utc), 'level__37': 'ERROR', 'created_by__37': None, 'job_id__37': 5, 'updated_at__37': datetime.datetime(2025, 12, 21, 12, 52, 27, 521241, tzinfo=datetime.timezone.utc), 'source__37': 'runner', 'message__37': 'PipelineRun 5 failed: Write failed: (psycopg2.errors.UndefinedColumn) column ""node_id"" of relation ""pipeline_run_context"" does not exist\nLINE 1: ... ... (5128 characters truncated) ... ecords_error__29\': 0, \'node_id__29\': 17, \'error_type__29\': \'DataTransferError\'}]\n(Background on this error at: https://sqlalche.me/e/20/f405)', 'timestamp__37': datetime.datetime(2025, 12, 21, 12, 52, 27, 521063, tzinfo=datetime.timezone.utc), 'id__37': 57, 'updated_by__38': None, 'metadata_payload__38': None, 'created_at__38': datetime.datetime(2025, 12, 21, 12, 56, 28, 916828, tzinfo=datetime.timezone.utc), 'level__38': 'INFO', 'created_by__38': None, 'job_id__38': 5, 'updated_at__38': datetime.datetime(2025, 12, 21, 12, 56, 28, 916834, tzinfo=datetime.timezone.utc), 'source__38': 'worker', 'message__38': 'Job started (attempt 4)', 'timestamp__38': datetime.datetime(2025, 12, 21, 12, 56, 28, 916162, tzinfo=datetime.timezone.utc), 'id__38': 59, 'updated_by__39': None, 'metadata_payload__39': {'pipeline_run_id': 5}, 'created_at__39': datetime.datetime(2025, 12, 21, 12, 56, 28, 933414, tzinfo=datetime.timezone.utc), 'level__39': 'INFO', 'created_by__39': None, 'job_id__39': 5, 'updated_at__39': datetime.datetime(2025, 12, 21, 12, 56, 28, 933417, tzinfo=datetime.timezone.utc), 'source__39': 'runner', 'message__39': 'PipelineRun 5 started.', 'timestamp__39': datetime.datetime(2025, 12, 21, 12, 56, 28, 933174, tzinfo=datetime.timezone.utc), 'id__39': 60, 'updated_by__40': None, 'metadata_payload__40': {'pipeline_run_id': 5}, 'created_at__40': datetime.datetime(2025, 12, 21, 12, 56, 29, 68850, tzinfo=datetime.timezone.utc), 'level__40': 'ERROR', 'created_by__40': None, 'job_id__40': 5, 'updated_at__40': datetime.datetime(2025, 12, 21, 12, 56, 29, 68851, tzinfo=datetime.timezone.utc), 'source__40': 'runner', 'message__40': 'PipelineRun 5 failed: Write failed: (psycopg2.errors.UndefinedColumn) column ""node_id"" of relation ""pipeline_run_context"" does not exist\nLINE 1: ... ... (5128 characters truncated) ... ecords_error__31\': 0, \'node_id__31\': 17, \'error_type__31\': \'DataTransferError\'}]\n(Background on this error at: https://sqlalche.me/e/20/f405)', 'timestamp__40': datetime.datetime(2025, 12, 21, 12, 56, 29, 68675, tzinfo=datetime.timezone.utc), 'id__40': 61}]
(Background on this error at: https://sqlalche.me/e/20/f405)",{'pipeline_run_id': 6},2025-12-22 05:55:01.498223+00:00,runner,2025-12-22 05:55:01.498316+00:00,2025-12-22 05:55:01.498317+00:00,,
67,6,INFO,Job started (attempt 2),,2025-12-22 05:56:03.248522+00:00,worker,2025-12-22 05:56:03.249040+00:00,2025-12-22 05:56:03.249044+00:00,,
68,6,INFO,PipelineRun 1 started.,{'pipeline_run_id': 6},2025-12-22 05:56:03.260387+00:00,runner,2025-12-22 05:56:03.260576+00:00,2025-12-22 05:56:03.260578+00:00,,
69,6,ERROR,"PipelineRun 1 failed: Write failed: (psycopg2.ProgrammingError) can't adapt type 'dict'
[SQL: INSERT INTO public.processes_table (id, job_id, level, message, metadata_payload, timestamp, source, created_at, updated_at, created_by, updated_by) VALUES (%(id__0)s, %(job_id__0)s, %(level__0)s, %(message__0)s, %(metadata_payload__0)s, %(timestamp_ ... 8626 characters truncated ... 3)s, %(source__43)s, %(created_at__43)s, %(updated_at__43)s, %(created_by__43)s, %(updated_by__43)s)]
[parameters: {'updated_by__0': None, 'metadata_payload__0': None, 'created_at__0': datetime.datetime(2025, 12, 20, 19, 23, 39, 829492, tzinfo=datetime.timezone.utc), 'level__0': 'INFO', 'created_by__0': None, 'job_id__0': 1, 'updated_at__0': datetime.datetime(2025, 12, 20, 19, 23, 39, 829494, tzinfo=datetime.timezone.utc), 'source__0': 'worker', 'message__0': 'Job started (attempt 1)', 'timestamp__0': datetime.datetime(2025, 12, 20, 19, 23, 39, 828522, tzinfo=datetime.timezone.utc), 'id__0': 1, 'updated_by__1': None, 'metadata_payload__1': {'pipeline_run_id': 1}, 'created_at__1': datetime.datetime(2025, 12, 20, 19, 23, 39, 856708, tzinfo=datetime.timezone.utc), 'level__1': 'INFO', 'created_by__1': None, 'job_id__1': 1, 'updated_at__1': datetime.datetime(2025, 12, 20, 19, 23, 39, 856709, tzinfo=datetime.timezone.utc), 'source__1': 'runner', 'message__1': 'PipelineRun 1 started.', 'timestamp__1': datetime.datetime(2025, 12, 20, 19, 23, 39, 856603, tzinfo=datetime.timezone.utc), 'id__1': 2, 'updated_by__2': None, 'metadata_payload__2': {'pipeline_run_id': 1}, 'created_at__2': datetime.datetime(2025, 12, 20, 19, 23, 39, 992378, tzinfo=datetime.timezone.utc), 'level__2': 'INFO', 'created_by__2': None, 'job_id__2': 1, 'updated_at__2': datetime.datetime(2025, 12, 20, 19, 23, 39, 992379, tzinfo=datetime.timezone.utc), 'source__2': 'runner', 'message__2': 'PipelineRun 1 succeeded.', 'timestamp__2': datetime.datetime(2025, 12, 20, 19, 23, 39, 992251, tzinfo=datetime.timezone.utc), 'id__2': 3, 'updated_by__3': None, 'metadata_payload__3': None, 'created_at__3': datetime.datetime(2025, 12, 20, 19, 23, 39, 994706, tzinfo=datetime.timezone.utc), 'level__3': 'INFO', 'created_by__3': None, 'job_id__3': 1, 'updated_at__3': datetime.datetime(2025, 12, 20, 19, 23, 39, 994707, tzinfo=datetime.timezone.utc), 'source__3': 'worker', 'message__3': 'Job completed successfully in 0.17s', 'timestamp__3': datetime.datetime(2025, 12, 20, 19, 23, 39, 994618, tzinfo=datetime.timezone.utc), 'id__3': 4, 'updated_by__4': None, 'metadata_payload__4': {'pipeline_run_id': 2}, 'created_at__4': datetime.datetime(2025, 12, 20, 19, 36, 30, 504187, tzinfo=datetime.timezone.utc), 'level__4': 'ERROR', 'created_by__4': None, 'job_id__4': 2 ... 384 parameters truncated ... 'job_id__39': 5, 'updated_at__39': datetime.datetime(2025, 12, 21, 12, 56, 28, 933417, tzinfo=datetime.timezone.utc), 'source__39': 'runner', 'message__39': 'PipelineRun 5 started.', 'timestamp__39': datetime.datetime(2025, 12, 21, 12, 56, 28, 933174, tzinfo=datetime.timezone.utc), 'id__39': 60, 'updated_by__40': None, 'metadata_payload__40': {'pipeline_run_id': 5}, 'created_at__40': datetime.datetime(2025, 12, 21, 12, 56, 29, 68850, tzinfo=datetime.timezone.utc), 'level__40': 'ERROR', 'created_by__40': None, 'job_id__40': 5, 'updated_at__40': datetime.datetime(2025, 12, 21, 12, 56, 29, 68851, tzinfo=datetime.timezone.utc), 'source__40': 'runner', 'message__40': 'PipelineRun 5 failed: Write failed: (psycopg2.errors.UndefinedColumn) column ""node_id"" of relation ""pipeline_run_context"" does not exist\nLINE 1: ... ... (5128 characters truncated) ... ecords_error__31\': 0, \'node_id__31\': 17, \'error_type__31\': \'DataTransferError\'}]\n(Background on this error at: https://sqlalche.me/e/20/f405)', 'timestamp__40': datetime.datetime(2025, 12, 21, 12, 56, 29, 68675, tzinfo=datetime.timezone.utc), 'id__40': 61, 'updated_by__41': None, 'metadata_payload__41': None, 'created_at__41': datetime.datetime(2025, 12, 22, 5, 55, 1, 299348, tzinfo=datetime.timezone.utc), 'level__41': 'INFO', 'created_by__41': None, 'job_id__41': 6, 'updated_at__41': datetime.datetime(2025, 12, 22, 5, 55, 1, 299351, tzinfo=datetime.timezone.utc), 'source__41': 'worker', 'message__41': 'Job started (attempt 1)', 'timestamp__41': datetime.datetime(2025, 12, 22, 5, 55, 1, 298030, tzinfo=datetime.timezone.utc), 'id__41': 63, 'updated_by__42': None, 'metadata_payload__42': {'pipeline_run_id': 6}, 'created_at__42': datetime.datetime(2025, 12, 22, 5, 55, 1, 333571, tzinfo=datetime.timezone.utc), 'level__42': 'INFO', 'created_by__42': None, 'job_id__42': 6, 'updated_at__42': datetime.datetime(2025, 12, 22, 5, 55, 1, 333573, tzinfo=datetime.timezone.utc), 'source__42': 'runner', 'message__42': 'PipelineRun 1 started.', 'timestamp__42': datetime.datetime(2025, 12, 22, 5, 55, 1, 333461, tzinfo=datetime.timezone.utc), 'id__42': 64, 'updated_by__43': None, 'metadata_payload__43': {'pipeline_run_id': 6}, 'created_at__43': datetime.datetime(2025, 12, 22, 5, 55, 1, 498316, tzinfo=datetime.timezone.utc), 'level__43': 'ERROR', 'created_by__43': None, 'job_id__43': 6, 'updated_at__43': datetime.datetime(2025, 12, 22, 5, 55, 1, 498317, tzinfo=datetime.timezone.utc), 'source__43': 'runner', 'message__43': 'PipelineRun 1 failed: Write failed: (psycopg2.ProgrammingError) can\'t adapt type \'dict\'\n[SQL: INSERT INTO public.processes_table (id, job_id, lev ... (5781 characters truncated) ... tetime(2025, 12, 21, 12, 56, 29, 68675, tzinfo=datetime.timezone.utc), \'id__40\': 61}]\n(Background on this error at: https://sqlalche.me/e/20/f405)', 'timestamp__43': datetime.datetime(2025, 12, 22, 5, 55, 1, 498223, tzinfo=datetime.timezone.utc), 'id__43': 65}]
(Background on this error at: https://sqlalche.me/e/20/f405)",{'pipeline_run_id': 6},2025-12-22 05:56:03.372796+00:00,runner,2025-12-22 05:56:03.372956+00:00,2025-12-22 05:56:03.372957+00:00,,
109,9,INFO,Job completed successfully,,2025-12-22 06:54:32.467626+00:00,worker,2025-12-22 06:54:32.468098+00:00,2025-12-22 06:54:32.468100+00:00,,
113,10,INFO,Job completed successfully,,2025-12-22 07:07:33.437858+00:00,worker,2025-12-22 07:07:33.438038+00:00,2025-12-22 07:07:33.438039+00:00,,
120,12,INFO,PipelineRun 5 succeeded.,{'pipeline_run_id': 11},2025-12-22 07:36:31.018892+00:00,runner,2025-12-22 07:36:31.019108+00:00,2025-12-22 07:36:31.019110+00:00,,
122,11,INFO,Job started (attempt 2),,2025-12-22 07:36:58.033967+00:00,worker,2025-12-22 07:36:58.034505+00:00,2025-12-22 07:36:58.034507+00:00,,
123,11,INFO,PipelineRun 6 started.,{'pipeline_run_id': 10},2025-12-22 07:36:58.744598+00:00,runner,2025-12-22 07:36:58.744794+00:00,2025-12-22 07:36:58.744795+00:00,,
124,11,ERROR,PipelineRun 6 failed: Write failed: Filter condition 'age >= 20' uses an undefined column: name 'age' is not defined. Please check if the column exists in the input data.,{'pipeline_run_id': 10},2025-12-22 07:36:58.829962+00:00,runner,2025-12-22 07:36:58.830159+00:00,2025-12-22 07:36:58.830160+00:00,,
126,13,INFO,Job started (attempt 1),,2025-12-22 07:37:51.071238+00:00,worker,2025-12-22 07:37:51.071998+00:00,2025-12-22 07:37:51.072001+00:00,,
127,13,INFO,PipelineRun 6 started.,{'pipeline_run_id': 12},2025-12-22 07:37:51.812504+00:00,runner,2025-12-22 07:37:51.812748+00:00,2025-12-22 07:37:51.812750+00:00,,
71,6,INFO,Job started (attempt 3),,2025-12-22 05:58:05.037460+00:00,worker,2025-12-22 05:58:05.037920+00:00,2025-12-22 05:58:05.037923+00:00,,
72,6,INFO,PipelineRun 1 started.,{'pipeline_run_id': 6},2025-12-22 05:58:05.050192+00:00,runner,2025-12-22 05:58:05.050375+00:00,2025-12-22 05:58:05.050377+00:00,,
73,6,ERROR,"PipelineRun 1 failed: Write failed: (psycopg2.ProgrammingError) can't adapt type 'dict'
[SQL: INSERT INTO public.processes_table (id, job_id, level, message, metadata_payload, timestamp, source, created_at, updated_at, created_by, updated_by) VALUES (%(id__0)s, %(job_id__0)s, %(level__0)s, %(message__0)s, %(metadata_payload__0)s, %(timestamp_ ... 9235 characters truncated ... 6)s, %(source__46)s, %(created_at__46)s, %(updated_at__46)s, %(created_by__46)s, %(updated_by__46)s)]
[parameters: {'updated_by__0': None, 'metadata_payload__0': None, 'created_at__0': datetime.datetime(2025, 12, 20, 19, 23, 39, 829492, tzinfo=datetime.timezone.utc), 'level__0': 'INFO', 'created_by__0': None, 'job_id__0': 1, 'updated_at__0': datetime.datetime(2025, 12, 20, 19, 23, 39, 829494, tzinfo=datetime.timezone.utc), 'source__0': 'worker', 'message__0': 'Job started (attempt 1)', 'timestamp__0': datetime.datetime(2025, 12, 20, 19, 23, 39, 828522, tzinfo=datetime.timezone.utc), 'id__0': 1, 'updated_by__1': None, 'metadata_payload__1': {'pipeline_run_id': 1}, 'created_at__1': datetime.datetime(2025, 12, 20, 19, 23, 39, 856708, tzinfo=datetime.timezone.utc), 'level__1': 'INFO', 'created_by__1': None, 'job_id__1': 1, 'updated_at__1': datetime.datetime(2025, 12, 20, 19, 23, 39, 856709, tzinfo=datetime.timezone.utc), 'source__1': 'runner', 'message__1': 'PipelineRun 1 started.', 'timestamp__1': datetime.datetime(2025, 12, 20, 19, 23, 39, 856603, tzinfo=datetime.timezone.utc), 'id__1': 2, 'updated_by__2': None, 'metadata_payload__2': {'pipeline_run_id': 1}, 'created_at__2': datetime.datetime(2025, 12, 20, 19, 23, 39, 992378, tzinfo=datetime.timezone.utc), 'level__2': 'INFO', 'created_by__2': None, 'job_id__2': 1, 'updated_at__2': datetime.datetime(2025, 12, 20, 19, 23, 39, 992379, tzinfo=datetime.timezone.utc), 'source__2': 'runner', 'message__2': 'PipelineRun 1 succeeded.', 'timestamp__2': datetime.datetime(2025, 12, 20, 19, 23, 39, 992251, tzinfo=datetime.timezone.utc), 'id__2': 3, 'updated_by__3': None, 'metadata_payload__3': None, 'created_at__3': datetime.datetime(2025, 12, 20, 19, 23, 39, 994706, tzinfo=datetime.timezone.utc), 'level__3': 'INFO', 'created_by__3': None, 'job_id__3': 1, 'updated_at__3': datetime.datetime(2025, 12, 20, 19, 23, 39, 994707, tzinfo=datetime.timezone.utc), 'source__3': 'worker', 'message__3': 'Job completed successfully in 0.17s', 'timestamp__3': datetime.datetime(2025, 12, 20, 19, 23, 39, 994618, tzinfo=datetime.timezone.utc), 'id__3': 4, 'updated_by__4': None, 'metadata_payload__4': {'pipeline_run_id': 2}, 'created_at__4': datetime.datetime(2025, 12, 20, 19, 36, 30, 504187, tzinfo=datetime.timezone.utc), 'level__4': 'ERROR', 'created_by__4': None, 'job_id__4': 2 ... 417 parameters truncated ... 'job_id__42': 6, 'updated_at__42': datetime.datetime(2025, 12, 22, 5, 55, 1, 333573, tzinfo=datetime.timezone.utc), 'source__42': 'runner', 'message__42': 'PipelineRun 1 started.', 'timestamp__42': datetime.datetime(2025, 12, 22, 5, 55, 1, 333461, tzinfo=datetime.timezone.utc), 'id__42': 64, 'updated_by__43': None, 'metadata_payload__43': {'pipeline_run_id': 6}, 'created_at__43': datetime.datetime(2025, 12, 22, 5, 55, 1, 498316, tzinfo=datetime.timezone.utc), 'level__43': 'ERROR', 'created_by__43': None, 'job_id__43': 6, 'updated_at__43': datetime.datetime(2025, 12, 22, 5, 55, 1, 498317, tzinfo=datetime.timezone.utc), 'source__43': 'runner', 'message__43': 'PipelineRun 1 failed: Write failed: (psycopg2.ProgrammingError) can\'t adapt type \'dict\'\n[SQL: INSERT INTO public.processes_table (id, job_id, lev ... (5781 characters truncated) ... tetime(2025, 12, 21, 12, 56, 29, 68675, tzinfo=datetime.timezone.utc), \'id__40\': 61}]\n(Background on this error at: https://sqlalche.me/e/20/f405)', 'timestamp__43': datetime.datetime(2025, 12, 22, 5, 55, 1, 498223, tzinfo=datetime.timezone.utc), 'id__43': 65, 'updated_by__44': None, 'metadata_payload__44': None, 'created_at__44': datetime.datetime(2025, 12, 22, 5, 56, 3, 249040, tzinfo=datetime.timezone.utc), 'level__44': 'INFO', 'created_by__44': None, 'job_id__44': 6, 'updated_at__44': datetime.datetime(2025, 12, 22, 5, 56, 3, 249044, tzinfo=datetime.timezone.utc), 'source__44': 'worker', 'message__44': 'Job started (attempt 2)', 'timestamp__44': datetime.datetime(2025, 12, 22, 5, 56, 3, 248522, tzinfo=datetime.timezone.utc), 'id__44': 67, 'updated_by__45': None, 'metadata_payload__45': {'pipeline_run_id': 6}, 'created_at__45': datetime.datetime(2025, 12, 22, 5, 56, 3, 260576, tzinfo=datetime.timezone.utc), 'level__45': 'INFO', 'created_by__45': None, 'job_id__45': 6, 'updated_at__45': datetime.datetime(2025, 12, 22, 5, 56, 3, 260578, tzinfo=datetime.timezone.utc), 'source__45': 'runner', 'message__45': 'PipelineRun 1 started.', 'timestamp__45': datetime.datetime(2025, 12, 22, 5, 56, 3, 260387, tzinfo=datetime.timezone.utc), 'id__45': 68, 'updated_by__46': None, 'metadata_payload__46': {'pipeline_run_id': 6}, 'created_at__46': datetime.datetime(2025, 12, 22, 5, 56, 3, 372956, tzinfo=datetime.timezone.utc), 'level__46': 'ERROR', 'created_by__46': None, 'job_id__46': 6, 'updated_at__46': datetime.datetime(2025, 12, 22, 5, 56, 3, 372957, tzinfo=datetime.timezone.utc), 'source__46': 'runner', 'message__46': 'PipelineRun 1 failed: Write failed: (psycopg2.ProgrammingError) can\'t adapt type \'dict\'\n[SQL: INSERT INTO public.processes_table (id, job_id, lev ... (5759 characters truncated) ... atetime(2025, 12, 22, 5, 55, 1, 498223, tzinfo=datetime.timezone.utc), \'id__43\': 65}]\n(Background on this error at: https://sqlalche.me/e/20/f405)', 'timestamp__46': datetime.datetime(2025, 12, 22, 5, 56, 3, 372796, tzinfo=datetime.timezone.utc), 'id__46': 69}]
(Background on this error at: https://sqlalche.me/e/20/f405)",{'pipeline_run_id': 6},2025-12-22 05:58:05.159944+00:00,runner,2025-12-22 05:58:05.160104+00:00,2025-12-22 05:58:05.160106+00:00,,
75,6,INFO,Job started (attempt 4),,2025-12-22 06:02:06.930979+00:00,worker,2025-12-22 06:02:06.931449+00:00,2025-12-22 06:02:06.931452+00:00,,
76,6,INFO,PipelineRun 1 started.,{'pipeline_run_id': 6},2025-12-22 06:02:06.947101+00:00,runner,2025-12-22 06:02:06.947371+00:00,2025-12-22 06:02:06.947374+00:00,,
77,6,ERROR,"PipelineRun 1 failed: Write failed: (psycopg2.ProgrammingError) can't adapt type 'dict'
[SQL: INSERT INTO public.processes_table (id, job_id, level, message, metadata_payload, timestamp, source, created_at, updated_at, created_by, updated_by) VALUES (%(id__0)s, %(job_id__0)s, %(level__0)s, %(message__0)s, %(metadata_payload__0)s, %(timestamp_ ... 9844 characters truncated ... 9)s, %(source__49)s, %(created_at__49)s, %(updated_at__49)s, %(created_by__49)s, %(updated_by__49)s)]
[parameters: {'updated_by__0': None, 'metadata_payload__0': None, 'created_at__0': datetime.datetime(2025, 12, 20, 19, 23, 39, 829492, tzinfo=datetime.timezone.utc), 'level__0': 'INFO', 'created_by__0': None, 'job_id__0': 1, 'updated_at__0': datetime.datetime(2025, 12, 20, 19, 23, 39, 829494, tzinfo=datetime.timezone.utc), 'source__0': 'worker', 'message__0': 'Job started (attempt 1)', 'timestamp__0': datetime.datetime(2025, 12, 20, 19, 23, 39, 828522, tzinfo=datetime.timezone.utc), 'id__0': 1, 'updated_by__1': None, 'metadata_payload__1': {'pipeline_run_id': 1}, 'created_at__1': datetime.datetime(2025, 12, 20, 19, 23, 39, 856708, tzinfo=datetime.timezone.utc), 'level__1': 'INFO', 'created_by__1': None, 'job_id__1': 1, 'updated_at__1': datetime.datetime(2025, 12, 20, 19, 23, 39, 856709, tzinfo=datetime.timezone.utc), 'source__1': 'runner', 'message__1': 'PipelineRun 1 started.', 'timestamp__1': datetime.datetime(2025, 12, 20, 19, 23, 39, 856603, tzinfo=datetime.timezone.utc), 'id__1': 2, 'updated_by__2': None, 'metadata_payload__2': {'pipeline_run_id': 1}, 'created_at__2': datetime.datetime(2025, 12, 20, 19, 23, 39, 992378, tzinfo=datetime.timezone.utc), 'level__2': 'INFO', 'created_by__2': None, 'job_id__2': 1, 'updated_at__2': datetime.datetime(2025, 12, 20, 19, 23, 39, 992379, tzinfo=datetime.timezone.utc), 'source__2': 'runner', 'message__2': 'PipelineRun 1 succeeded.', 'timestamp__2': datetime.datetime(2025, 12, 20, 19, 23, 39, 992251, tzinfo=datetime.timezone.utc), 'id__2': 3, 'updated_by__3': None, 'metadata_payload__3': None, 'created_at__3': datetime.datetime(2025, 12, 20, 19, 23, 39, 994706, tzinfo=datetime.timezone.utc), 'level__3': 'INFO', 'created_by__3': None, 'job_id__3': 1, 'updated_at__3': datetime.datetime(2025, 12, 20, 19, 23, 39, 994707, tzinfo=datetime.timezone.utc), 'source__3': 'worker', 'message__3': 'Job completed successfully in 0.17s', 'timestamp__3': datetime.datetime(2025, 12, 20, 19, 23, 39, 994618, tzinfo=datetime.timezone.utc), 'id__3': 4, 'updated_by__4': None, 'metadata_payload__4': {'pipeline_run_id': 2}, 'created_at__4': datetime.datetime(2025, 12, 20, 19, 36, 30, 504187, tzinfo=datetime.timezone.utc), 'level__4': 'ERROR', 'created_by__4': None, 'job_id__4': 2 ... 450 parameters truncated ... 'job_id__45': 6, 'updated_at__45': datetime.datetime(2025, 12, 22, 5, 56, 3, 260578, tzinfo=datetime.timezone.utc), 'source__45': 'runner', 'message__45': 'PipelineRun 1 started.', 'timestamp__45': datetime.datetime(2025, 12, 22, 5, 56, 3, 260387, tzinfo=datetime.timezone.utc), 'id__45': 68, 'updated_by__46': None, 'metadata_payload__46': {'pipeline_run_id': 6}, 'created_at__46': datetime.datetime(2025, 12, 22, 5, 56, 3, 372956, tzinfo=datetime.timezone.utc), 'level__46': 'ERROR', 'created_by__46': None, 'job_id__46': 6, 'updated_at__46': datetime.datetime(2025, 12, 22, 5, 56, 3, 372957, tzinfo=datetime.timezone.utc), 'source__46': 'runner', 'message__46': 'PipelineRun 1 failed: Write failed: (psycopg2.ProgrammingError) can\'t adapt type \'dict\'\n[SQL: INSERT INTO public.processes_table (id, job_id, lev ... (5759 characters truncated) ... atetime(2025, 12, 22, 5, 55, 1, 498223, tzinfo=datetime.timezone.utc), \'id__43\': 65}]\n(Background on this error at: https://sqlalche.me/e/20/f405)', 'timestamp__46': datetime.datetime(2025, 12, 22, 5, 56, 3, 372796, tzinfo=datetime.timezone.utc), 'id__46': 69, 'updated_by__47': None, 'metadata_payload__47': None, 'created_at__47': datetime.datetime(2025, 12, 22, 5, 58, 5, 37920, tzinfo=datetime.timezone.utc), 'level__47': 'INFO', 'created_by__47': None, 'job_id__47': 6, 'updated_at__47': datetime.datetime(2025, 12, 22, 5, 58, 5, 37923, tzinfo=datetime.timezone.utc), 'source__47': 'worker', 'message__47': 'Job started (attempt 3)', 'timestamp__47': datetime.datetime(2025, 12, 22, 5, 58, 5, 37460, tzinfo=datetime.timezone.utc), 'id__47': 71, 'updated_by__48': None, 'metadata_payload__48': {'pipeline_run_id': 6}, 'created_at__48': datetime.datetime(2025, 12, 22, 5, 58, 5, 50375, tzinfo=datetime.timezone.utc), 'level__48': 'INFO', 'created_by__48': None, 'job_id__48': 6, 'updated_at__48': datetime.datetime(2025, 12, 22, 5, 58, 5, 50377, tzinfo=datetime.timezone.utc), 'source__48': 'runner', 'message__48': 'PipelineRun 1 started.', 'timestamp__48': datetime.datetime(2025, 12, 22, 5, 58, 5, 50192, tzinfo=datetime.timezone.utc), 'id__48': 72, 'updated_by__49': None, 'metadata_payload__49': {'pipeline_run_id': 6}, 'created_at__49': datetime.datetime(2025, 12, 22, 5, 58, 5, 160104, tzinfo=datetime.timezone.utc), 'level__49': 'ERROR', 'created_by__49': None, 'job_id__49': 6, 'updated_at__49': datetime.datetime(2025, 12, 22, 5, 58, 5, 160106, tzinfo=datetime.timezone.utc), 'source__49': 'runner', 'message__49': ""PipelineRun 1 failed: Write failed: (psycopg2.ProgrammingError) can't adapt type 'dict'\n[SQL: INSERT INTO public.processes_table (id, job_id, level, ... (5469 characters truncated) ... .datetime(2025, 12, 22, 5, 56, 3, 372796, tzinfo=datetime.timezone.utc), 'id__46': 69}]\n(Background on this error at: https://sqlalche.me/e/20/f405)"", 'timestamp__49': datetime.datetime(2025, 12, 22, 5, 58, 5, 159944, tzinfo=datetime.timezone.utc), 'id__49': 73}]
(Background on this error at: https://sqlalche.me/e/20/f405)",{'pipeline_run_id': 6},2025-12-22 06:02:07.075305+00:00,runner,2025-12-22 06:02:07.075465+00:00,2025-12-22 06:02:07.075466+00:00,,
114,11,INFO,Job started (attempt 1),,2025-12-22 07:35:55.624366+00:00,worker,2025-12-22 07:35:55.625903+00:00,2025-12-22 07:35:55.625905+00:00,,
115,11,INFO,PipelineRun 6 started.,{'pipeline_run_id': 10},2025-12-22 07:35:56.422628+00:00,runner,2025-12-22 07:35:56.422893+00:00,2025-12-22 07:35:56.422894+00:00,,
116,11,ERROR,PipelineRun 6 failed: Write failed: Filter condition 'age >= 20' uses an undefined column: name 'age' is not defined. Please check if the column exists in the input data.,{'pipeline_run_id': 10},2025-12-22 07:35:56.575894+00:00,runner,2025-12-22 07:35:56.576096+00:00,2025-12-22 07:35:56.576097+00:00,,
121,12,INFO,Job completed successfully,,2025-12-22 07:36:31.027032+00:00,worker,2025-12-22 07:36:31.027321+00:00,2025-12-22 07:36:31.027322+00:00,,
128,13,INFO,PipelineRun 6 succeeded.,{'pipeline_run_id': 12},2025-12-22 07:37:51.928758+00:00,runner,2025-12-22 07:37:51.928956+00:00,2025-12-22 07:37:51.928957+00:00,,
129,13,INFO,Job completed successfully,,2025-12-22 07:37:51.933617+00:00,worker,2025-12-22 07:37:51.933800+00:00,2025-12-22 07:37:51.933801+00:00,,
130,11,INFO,Job started (attempt 3),,2025-12-22 07:38:59.699783+00:00,worker,2025-12-22 07:38:59.700387+00:00,2025-12-22 07:38:59.700389+00:00,,
131,11,INFO,PipelineRun 6 started.,{'pipeline_run_id': 10},2025-12-22 07:39:00.394157+00:00,runner,2025-12-22 07:39:00.394543+00:00,2025-12-22 07:39:00.394544+00:00,,
79,7,INFO,Job started (attempt 1),,2025-12-22 06:22:30.332140+00:00,worker,2025-12-22 06:22:30.338733+00:00,2025-12-22 06:22:30.338736+00:00,,
80,7,INFO,PipelineRun 2 started.,{'pipeline_run_id': 7},2025-12-22 06:22:30.465805+00:00,runner,2025-12-22 06:22:30.465913+00:00,2025-12-22 06:22:30.465915+00:00,,
81,7,INFO,PipelineRun 2 succeeded.,{'pipeline_run_id': 7},2025-12-22 06:22:30.845850+00:00,runner,2025-12-22 06:22:30.845948+00:00,2025-12-22 06:22:30.845949+00:00,,
82,7,INFO,Job completed successfully,,2025-12-22 06:22:30.855509+00:00,worker,2025-12-22 06:22:30.855622+00:00,2025-12-22 06:22:30.855623+00:00,,
84,7,INFO,Job started (attempt 2),,2025-12-22 06:23:30.950815+00:00,worker,2025-12-22 06:23:30.951581+00:00,2025-12-22 06:23:30.951585+00:00,,
85,7,INFO,PipelineRun 2 started.,{'pipeline_run_id': 7},2025-12-22 06:23:30.982222+00:00,runner,2025-12-22 06:23:30.982336+00:00,2025-12-22 06:23:30.982338+00:00,,
86,7,INFO,PipelineRun 2 succeeded.,{'pipeline_run_id': 7},2025-12-22 06:23:31.094689+00:00,runner,2025-12-22 06:23:31.094859+00:00,2025-12-22 06:23:31.094860+00:00,,
87,7,INFO,Job completed successfully,,2025-12-22 06:23:31.105241+00:00,worker,2025-12-22 06:23:31.105383+00:00,2025-12-22 06:23:31.105384+00:00,,
89,7,INFO,Job started (attempt 3),,2025-12-22 06:25:31.148977+00:00,worker,2025-12-22 06:25:31.149467+00:00,2025-12-22 06:25:31.149471+00:00,,
90,7,INFO,PipelineRun 2 started.,{'pipeline_run_id': 7},2025-12-22 06:25:31.178000+00:00,runner,2025-12-22 06:25:31.178166+00:00,2025-12-22 06:25:31.178168+00:00,,
91,7,INFO,PipelineRun 2 succeeded.,{'pipeline_run_id': 7},2025-12-22 06:25:31.323494+00:00,runner,2025-12-22 06:25:31.323594+00:00,2025-12-22 06:25:31.323595+00:00,,
92,7,INFO,Job completed successfully,,2025-12-22 06:25:31.332757+00:00,worker,2025-12-22 06:25:31.332856+00:00,2025-12-22 06:25:31.332857+00:00,,
94,7,INFO,Job started (attempt 4),,2025-12-22 06:29:31.378768+00:00,worker,2025-12-22 06:29:31.379769+00:00,2025-12-22 06:29:31.379772+00:00,,
95,7,INFO,PipelineRun 2 started.,{'pipeline_run_id': 7},2025-12-22 06:29:31.428180+00:00,runner,2025-12-22 06:29:31.428356+00:00,2025-12-22 06:29:31.428358+00:00,,
96,7,INFO,PipelineRun 2 succeeded.,{'pipeline_run_id': 7},2025-12-22 06:29:31.565656+00:00,runner,2025-12-22 06:29:31.565770+00:00,2025-12-22 06:29:31.565771+00:00,,
97,7,INFO,Job completed successfully,,2025-12-22 06:29:31.575825+00:00,worker,2025-12-22 06:29:31.575958+00:00,2025-12-22 06:29:31.575959+00:00,,
99,8,ERROR,"Job failed: Unexpected worker error: (psycopg2.errors.InFailedSqlTransaction) current transaction is aborted, commands ignored until end of transaction block

[SQL: SELECT pipeline_versions.id AS pipeline_versions_id, pipeline_versions.pipeline_id AS pipeline_versions_pipeline_id, pipeline_versions.version AS pipeline_versions_version, pipeline_versions.config_snapshot AS pipeline_versions_config_snapshot, pipeline_versions.change_summary AS pipeline_versions_change_summary, pipeline_versions.is_published AS pipeline_versions_is_published, pipeline_versions.published_at AS pipeline_versions_published_at, pipeline_versions.version_notes AS pipeline_versions_version_notes, pipeline_versions.created_at AS pipeline_versions_created_at, pipeline_versions.updated_at AS pipeline_versions_updated_at, pipeline_versions.created_by AS pipeline_versions_created_by, pipeline_versions.updated_by AS pipeline_versions_updated_by 
FROM pipeline_versions 
WHERE pipeline_versions.id = %(id_1)s 
 LIMIT %(param_1)s]
[parameters: {'id_1': 10, 'param_1': 1}]
(Background on this error at: https://sqlalche.me/e/20/2j85)",,2025-12-22 06:32:37.949155+00:00,worker,2025-12-22 06:32:37.949347+00:00,2025-12-22 06:32:37.949349+00:00,,
101,8,ERROR,"Job failed: Unexpected worker error: (psycopg2.errors.InFailedSqlTransaction) current transaction is aborted, commands ignored until end of transaction block

[SQL: SELECT pipeline_versions.id AS pipeline_versions_id, pipeline_versions.pipeline_id AS pipeline_versions_pipeline_id, pipeline_versions.version AS pipeline_versions_version, pipeline_versions.config_snapshot AS pipeline_versions_config_snapshot, pipeline_versions.change_summary AS pipeline_versions_change_summary, pipeline_versions.is_published AS pipeline_versions_is_published, pipeline_versions.published_at AS pipeline_versions_published_at, pipeline_versions.version_notes AS pipeline_versions_version_notes, pipeline_versions.created_at AS pipeline_versions_created_at, pipeline_versions.updated_at AS pipeline_versions_updated_at, pipeline_versions.created_by AS pipeline_versions_created_by, pipeline_versions.updated_by AS pipeline_versions_updated_by 
FROM pipeline_versions 
WHERE pipeline_versions.id = %(id_1)s 
 LIMIT %(param_1)s]
[parameters: {'id_1': 10, 'param_1': 1}]
(Background on this error at: https://sqlalche.me/e/20/2j85)",,2025-12-22 06:32:40.504455+00:00,worker,2025-12-22 06:32:40.504555+00:00,2025-12-22 06:32:40.504556+00:00,,
103,8,ERROR,"Job failed: Unexpected worker error: (psycopg2.errors.InFailedSqlTransaction) current transaction is aborted, commands ignored until end of transaction block

[SQL: SELECT pipeline_versions.id AS pipeline_versions_id, pipeline_versions.pipeline_id AS pipeline_versions_pipeline_id, pipeline_versions.version AS pipeline_versions_version, pipeline_versions.config_snapshot AS pipeline_versions_config_snapshot, pipeline_versions.change_summary AS pipeline_versions_change_summary, pipeline_versions.is_published AS pipeline_versions_is_published, pipeline_versions.published_at AS pipeline_versions_published_at, pipeline_versions.version_notes AS pipeline_versions_version_notes, pipeline_versions.created_at AS pipeline_versions_created_at, pipeline_versions.updated_at AS pipeline_versions_updated_at, pipeline_versions.created_by AS pipeline_versions_created_by, pipeline_versions.updated_by AS pipeline_versions_updated_by 
FROM pipeline_versions 
WHERE pipeline_versions.id = %(id_1)s 
 LIMIT %(param_1)s]
[parameters: {'id_1': 10, 'param_1': 1}]
(Background on this error at: https://sqlalche.me/e/20/2j85)",,2025-12-22 06:32:42.905705+00:00,worker,2025-12-22 06:32:42.905810+00:00,2025-12-22 06:32:42.905812+00:00,,
132,11,ERROR,PipelineRun 6 failed: Write failed: Filter condition 'age >= 20' uses an undefined column: name 'age' is not defined. Please check if the column exists in the input data.,{'pipeline_run_id': 10},2025-12-22 07:39:00.475084+00:00,runner,2025-12-22 07:39:00.475358+00:00,2025-12-22 07:39:00.475359+00:00,,
134,11,INFO,Job started (attempt 4),,2025-12-22 07:43:01.436381+00:00,worker,2025-12-22 07:43:01.437501+00:00,2025-12-22 07:43:01.437508+00:00,,
135,11,INFO,PipelineRun 6 started.,{'pipeline_run_id': 10},2025-12-22 07:43:02.102798+00:00,runner,2025-12-22 07:43:02.103413+00:00,2025-12-22 07:43:02.103420+00:00,,
136,11,ERROR,PipelineRun 6 failed: Write failed: Filter condition 'age >= 20' uses an undefined column: name 'age' is not defined. Please check if the column exists in the input data.,{'pipeline_run_id': 10},2025-12-22 07:43:02.208311+00:00,runner,2025-12-22 07:43:02.208538+00:00,2025-12-22 07:43:02.208539+00:00,,
